The target system is: Cosa -  - 
The host system is: Darwin - 17.6.0 - x86_64
Compiling the C compiler identification source file "CMakeCCompilerId.c" succeeded.
Compiler: /usr/local/bin/avr-gcc 
Build flags: 
Id flags:  

The output was:
0


Compilation of the C compiler identification source "CMakeCCompilerId.c" produced "a.out"

The C compiler identification is GNU, found in "/Users/deep/Development/wio/cosa-fix/cmake-build-debug/CMakeFiles/3.9.6/CompilerIdC/a.out"

Compiling the CXX compiler identification source file "CMakeCXXCompilerId.cpp" succeeded.
Compiler: /usr/local/bin/avr-g++ 
Build flags: 
Id flags:  

The output was:
0


Compilation of the CXX compiler identification source "CMakeCXXCompilerId.cpp" produced "a.out"

The CXX compiler identification is GNU, found in "/Users/deep/Development/wio/cosa-fix/cmake-build-debug/CMakeFiles/3.9.6/CompilerIdCXX/a.out"

Checking whether the ASM compiler is GNU using "--version" matched "(GNU assembler)|(GCC)|(Free Software Foundation)":
avr-gcc (GCC) 7.3.0
Copyright (C) 2017 Free Software Foundation, Inc.
This is free software; see the source for copying conditions.  There is NO
warranty; not even for MERCHANTABILITY or FITNESS FOR A PARTICULAR PURPOSE.

Determining if the C compiler works passed with the following output:
Change Dir: /Users/deep/Development/wio/cosa-fix/cmake-build-debug/CMakeFiles/CMakeTmp

Run Build Command:"/usr/local/bin/gmake" "cmTC_46e61/fast"
/usr/local/bin/gmake -f CMakeFiles/cmTC_46e61.dir/build.make CMakeFiles/cmTC_46e61.dir/build
gmake[1]: Entering directory '/Users/deep/Development/wio/cosa-fix/cmake-build-debug/CMakeFiles/CMakeTmp'
Building C object CMakeFiles/cmTC_46e61.dir/testCCompiler.c.obj
/usr/local/bin/avr-gcc   -g -Os       -mcall-prologues -ffunction-sections -fdata-sections    -o CMakeFiles/cmTC_46e61.dir/testCCompiler.c.obj   -c /Users/deep/Development/wio/cosa-fix/cmake-build-debug/CMakeFiles/CMakeTmp/testCCompiler.c
Linking C executable cmTC_46e61
"/Users/deep/Library/Application Support/JetBrains/Toolbox/apps/CLion/ch-0/173.4301.33/CLion.app/Contents/bin/cmake/bin/cmake" -E cmake_link_script CMakeFiles/cmTC_46e61.dir/link.txt --verbose=1
/usr/local/bin/avr-gcc -g -Os       -mcall-prologues -ffunction-sections -fdata-sections   -Wl,--gc-sections -lm  CMakeFiles/cmTC_46e61.dir/testCCompiler.c.obj  -o cmTC_46e61 
gmake[1]: Leaving directory '/Users/deep/Development/wio/cosa-fix/cmake-build-debug/CMakeFiles/CMakeTmp'


Detecting C compiler ABI info compiled with the following output:
Change Dir: /Users/deep/Development/wio/cosa-fix/cmake-build-debug/CMakeFiles/CMakeTmp

Run Build Command:"/usr/local/bin/gmake" "cmTC_f679f/fast"
/usr/local/bin/gmake -f CMakeFiles/cmTC_f679f.dir/build.make CMakeFiles/cmTC_f679f.dir/build
gmake[1]: Entering directory '/Users/deep/Development/wio/cosa-fix/cmake-build-debug/CMakeFiles/CMakeTmp'
Building C object CMakeFiles/cmTC_f679f.dir/CMakeCCompilerABI.c.obj
/usr/local/bin/avr-gcc   -g -Os       -mcall-prologues -ffunction-sections -fdata-sections    -o CMakeFiles/cmTC_f679f.dir/CMakeCCompilerABI.c.obj   -c "/Users/deep/Library/Application Support/JetBrains/Toolbox/apps/CLion/ch-0/173.4301.33/CLion.app/Contents/bin/cmake/share/cmake-3.9/Modules/CMakeCCompilerABI.c"
Linking C executable cmTC_f679f
"/Users/deep/Library/Application Support/JetBrains/Toolbox/apps/CLion/ch-0/173.4301.33/CLion.app/Contents/bin/cmake/bin/cmake" -E cmake_link_script CMakeFiles/cmTC_f679f.dir/link.txt --verbose=1
/usr/local/bin/avr-gcc -g -Os       -mcall-prologues -ffunction-sections -fdata-sections   -Wl,--gc-sections -lm -v CMakeFiles/cmTC_f679f.dir/CMakeCCompilerABI.c.obj  -o cmTC_f679f 
Using built-in specs.
Reading specs from /usr/local/Cellar/avr-gcc/7.3.0/lib/avr-gcc/7/gcc/avr/7.3.0/device-specs/specs-avr2
COLLECT_GCC=/usr/local/bin/avr-gcc
COLLECT_LTO_WRAPPER=/usr/local/Cellar/avr-gcc/7.3.0/libexec/gcc/avr/7.3.0/lto-wrapper
Target: avr
Configured with: ../configure --target=avr --prefix=/usr/local/Cellar/avr-gcc/7.3.0 --libdir=/usr/local/Cellar/avr-gcc/7.3.0/lib/avr-gcc/7 --enable-languages=c,c++ --with-ld=/usr/local/opt/avr-binutils/bin/avr-ld --with-as=/usr/local/opt/avr-binutils/bin/avr-as --disable-nls --disable-libssp --disable-shared --disable-threads --disable-libgomp --with-dwarf2
Thread model: single
gcc version 7.3.0 (GCC) 
COMPILER_PATH=/usr/local/Cellar/avr-gcc/7.3.0/libexec/gcc/avr/7.3.0/:/usr/local/Cellar/avr-gcc/7.3.0/libexec/gcc/avr/7.3.0/:/usr/local/Cellar/avr-gcc/7.3.0/libexec/gcc/avr/:/usr/local/Cellar/avr-gcc/7.3.0/lib/avr-gcc/7/gcc/avr/7.3.0/:/usr/local/Cellar/avr-gcc/7.3.0/lib/avr-gcc/7/gcc/avr/
LIBRARY_PATH=/usr/local/Cellar/avr-gcc/7.3.0/lib/avr-gcc/7/gcc/avr/7.3.0/:/usr/local/Cellar/avr-gcc/7.3.0/lib/avr-gcc/7/gcc/avr/7.3.0/../../../../../../avr/lib/
COLLECT_GCC_OPTIONS='-g' '-Os' '-mcall-prologues' '-ffunction-sections' '-fdata-sections' '-v' '-o' 'cmTC_f679f' '-specs=device-specs/specs-avr2'
 /usr/local/Cellar/avr-gcc/7.3.0/libexec/gcc/avr/7.3.0/collect2 -plugin /usr/local/Cellar/avr-gcc/7.3.0/libexec/gcc/avr/7.3.0/liblto_plugin.so -plugin-opt=/usr/local/Cellar/avr-gcc/7.3.0/libexec/gcc/avr/7.3.0/lto-wrapper -plugin-opt=-fresolution=/var/folders/0z/77dv3j2j0b7f6lv0l8hr7hlh0000gn/T//ccUnARCY.res -plugin-opt=-pass-through=-lgcc -plugin-opt=-pass-through=-lm -plugin-opt=-pass-through=-lc -o cmTC_f679f -L/usr/local/Cellar/avr-gcc/7.3.0/lib/avr-gcc/7/gcc/avr/7.3.0 -L/usr/local/Cellar/avr-gcc/7.3.0/lib/avr-gcc/7/gcc/avr/7.3.0/../../../../../../avr/lib --gc-sections -lm CMakeFiles/cmTC_f679f.dir/CMakeCCompilerABI.c.obj --start-group -lgcc -lm -lc --end-group
COLLECT_GCC_OPTIONS='-g' '-Os' '-mcall-prologues' '-ffunction-sections' '-fdata-sections' '-v' '-o' 'cmTC_f679f' '-specs=device-specs/specs-avr2'
gmake[1]: Leaving directory '/Users/deep/Development/wio/cosa-fix/cmake-build-debug/CMakeFiles/CMakeTmp'


Parsed C implicit link information from above output:
  link line regex: [^( *|.*[/\])(avr-ld|CMAKE_LINK_STARTFILE-NOTFOUND|([^/\]+-)?ld|collect2)[^/\]*( |$)]
  ignore line: [Change Dir: /Users/deep/Development/wio/cosa-fix/cmake-build-debug/CMakeFiles/CMakeTmp]
  ignore line: []
  ignore line: [Run Build Command:"/usr/local/bin/gmake" "cmTC_f679f/fast"]
  ignore line: [/usr/local/bin/gmake -f CMakeFiles/cmTC_f679f.dir/build.make CMakeFiles/cmTC_f679f.dir/build]
  ignore line: [gmake[1]: Entering directory '/Users/deep/Development/wio/cosa-fix/cmake-build-debug/CMakeFiles/CMakeTmp']
  ignore line: [Building C object CMakeFiles/cmTC_f679f.dir/CMakeCCompilerABI.c.obj]
  ignore line: [/usr/local/bin/avr-gcc   -g -Os       -mcall-prologues -ffunction-sections -fdata-sections    -o CMakeFiles/cmTC_f679f.dir/CMakeCCompilerABI.c.obj   -c "/Users/deep/Library/Application Support/JetBrains/Toolbox/apps/CLion/ch-0/173.4301.33/CLion.app/Contents/bin/cmake/share/cmake-3.9/Modules/CMakeCCompilerABI.c"]
  ignore line: [Linking C executable cmTC_f679f]
  ignore line: ["/Users/deep/Library/Application Support/JetBrains/Toolbox/apps/CLion/ch-0/173.4301.33/CLion.app/Contents/bin/cmake/bin/cmake" -E cmake_link_script CMakeFiles/cmTC_f679f.dir/link.txt --verbose=1]
  ignore line: [/usr/local/bin/avr-gcc -g -Os       -mcall-prologues -ffunction-sections -fdata-sections   -Wl,--gc-sections -lm -v CMakeFiles/cmTC_f679f.dir/CMakeCCompilerABI.c.obj  -o cmTC_f679f ]
  ignore line: [Using built-in specs.]
  ignore line: [Reading specs from /usr/local/Cellar/avr-gcc/7.3.0/lib/avr-gcc/7/gcc/avr/7.3.0/device-specs/specs-avr2]
  ignore line: [COLLECT_GCC=/usr/local/bin/avr-gcc]
  ignore line: [COLLECT_LTO_WRAPPER=/usr/local/Cellar/avr-gcc/7.3.0/libexec/gcc/avr/7.3.0/lto-wrapper]
  ignore line: [Target: avr]
  ignore line: [Configured with: ../configure --target=avr --prefix=/usr/local/Cellar/avr-gcc/7.3.0 --libdir=/usr/local/Cellar/avr-gcc/7.3.0/lib/avr-gcc/7 --enable-languages=c,c++ --with-ld=/usr/local/opt/avr-binutils/bin/avr-ld --with-as=/usr/local/opt/avr-binutils/bin/avr-as --disable-nls --disable-libssp --disable-shared --disable-threads --disable-libgomp --with-dwarf2]
  ignore line: [Thread model: single]
  ignore line: [gcc version 7.3.0 (GCC) ]
  ignore line: [COMPILER_PATH=/usr/local/Cellar/avr-gcc/7.3.0/libexec/gcc/avr/7.3.0/:/usr/local/Cellar/avr-gcc/7.3.0/libexec/gcc/avr/7.3.0/:/usr/local/Cellar/avr-gcc/7.3.0/libexec/gcc/avr/:/usr/local/Cellar/avr-gcc/7.3.0/lib/avr-gcc/7/gcc/avr/7.3.0/:/usr/local/Cellar/avr-gcc/7.3.0/lib/avr-gcc/7/gcc/avr/]
  ignore line: [LIBRARY_PATH=/usr/local/Cellar/avr-gcc/7.3.0/lib/avr-gcc/7/gcc/avr/7.3.0/:/usr/local/Cellar/avr-gcc/7.3.0/lib/avr-gcc/7/gcc/avr/7.3.0/../../../../../../avr/lib/]
  ignore line: [COLLECT_GCC_OPTIONS='-g' '-Os' '-mcall-prologues' '-ffunction-sections' '-fdata-sections' '-v' '-o' 'cmTC_f679f' '-specs=device-specs/specs-avr2']
  link line: [ /usr/local/Cellar/avr-gcc/7.3.0/libexec/gcc/avr/7.3.0/collect2 -plugin /usr/local/Cellar/avr-gcc/7.3.0/libexec/gcc/avr/7.3.0/liblto_plugin.so -plugin-opt=/usr/local/Cellar/avr-gcc/7.3.0/libexec/gcc/avr/7.3.0/lto-wrapper -plugin-opt=-fresolution=/var/folders/0z/77dv3j2j0b7f6lv0l8hr7hlh0000gn/T//ccUnARCY.res -plugin-opt=-pass-through=-lgcc -plugin-opt=-pass-through=-lm -plugin-opt=-pass-through=-lc -o cmTC_f679f -L/usr/local/Cellar/avr-gcc/7.3.0/lib/avr-gcc/7/gcc/avr/7.3.0 -L/usr/local/Cellar/avr-gcc/7.3.0/lib/avr-gcc/7/gcc/avr/7.3.0/../../../../../../avr/lib --gc-sections -lm CMakeFiles/cmTC_f679f.dir/CMakeCCompilerABI.c.obj --start-group -lgcc -lm -lc --end-group]
    arg [/usr/local/Cellar/avr-gcc/7.3.0/libexec/gcc/avr/7.3.0/collect2] ==> ignore
    arg [-plugin] ==> ignore
    arg [/usr/local/Cellar/avr-gcc/7.3.0/libexec/gcc/avr/7.3.0/liblto_plugin.so] ==> ignore
    arg [-plugin-opt=/usr/local/Cellar/avr-gcc/7.3.0/libexec/gcc/avr/7.3.0/lto-wrapper] ==> ignore
    arg [-plugin-opt=-fresolution=/var/folders/0z/77dv3j2j0b7f6lv0l8hr7hlh0000gn/T//ccUnARCY.res] ==> ignore
    arg [-plugin-opt=-pass-through=-lgcc] ==> ignore
    arg [-plugin-opt=-pass-through=-lm] ==> ignore
    arg [-plugin-opt=-pass-through=-lc] ==> ignore
    arg [-o] ==> ignore
    arg [cmTC_f679f] ==> ignore
    arg [-L/usr/local/Cellar/avr-gcc/7.3.0/lib/avr-gcc/7/gcc/avr/7.3.0] ==> dir [/usr/local/Cellar/avr-gcc/7.3.0/lib/avr-gcc/7/gcc/avr/7.3.0]
    arg [-L/usr/local/Cellar/avr-gcc/7.3.0/lib/avr-gcc/7/gcc/avr/7.3.0/../../../../../../avr/lib] ==> dir [/usr/local/Cellar/avr-gcc/7.3.0/lib/avr-gcc/7/gcc/avr/7.3.0/../../../../../../avr/lib]
    arg [--gc-sections] ==> ignore
    arg [-lm] ==> lib [m]
    arg [CMakeFiles/cmTC_f679f.dir/CMakeCCompilerABI.c.obj] ==> ignore
    arg [--start-group] ==> ignore
    arg [-lgcc] ==> lib [gcc]
    arg [-lm] ==> lib [m]
    arg [-lc] ==> lib [c]
    arg [--end-group] ==> ignore
  collapse library dir [/usr/local/Cellar/avr-gcc/7.3.0/lib/avr-gcc/7/gcc/avr/7.3.0] ==> [/usr/local/Cellar/avr-gcc/7.3.0/lib/avr-gcc/7/gcc/avr/7.3.0]
  collapse library dir [/usr/local/Cellar/avr-gcc/7.3.0/lib/avr-gcc/7/gcc/avr/7.3.0/../../../../../../avr/lib] ==> [/usr/local/Cellar/avr-gcc/7.3.0/avr/lib]
  implicit libs: [m;gcc;m;c]
  implicit dirs: [/usr/local/Cellar/avr-gcc/7.3.0/lib/avr-gcc/7/gcc/avr/7.3.0;/usr/local/Cellar/avr-gcc/7.3.0/avr/lib]
  implicit fwks: []




Detecting C [-std=c11] compiler features compiled with the following output:
Change Dir: /Users/deep/Development/wio/cosa-fix/cmake-build-debug/CMakeFiles/CMakeTmp

Run Build Command:"/usr/local/bin/gmake" "cmTC_c6733/fast"
/usr/local/bin/gmake -f CMakeFiles/cmTC_c6733.dir/build.make CMakeFiles/cmTC_c6733.dir/build
gmake[1]: Entering directory '/Users/deep/Development/wio/cosa-fix/cmake-build-debug/CMakeFiles/CMakeTmp'
Building C object CMakeFiles/cmTC_c6733.dir/feature_tests.c.obj
/usr/local/bin/avr-gcc   -g -Os       -mcall-prologues -ffunction-sections -fdata-sections    -std=c11 -o CMakeFiles/cmTC_c6733.dir/feature_tests.c.obj   -c /Users/deep/Development/wio/cosa-fix/cmake-build-debug/CMakeFiles/feature_tests.c
Linking C executable cmTC_c6733
"/Users/deep/Library/Application Support/JetBrains/Toolbox/apps/CLion/ch-0/173.4301.33/CLion.app/Contents/bin/cmake/bin/cmake" -E cmake_link_script CMakeFiles/cmTC_c6733.dir/link.txt --verbose=1
/usr/local/bin/avr-gcc -g -Os       -mcall-prologues -ffunction-sections -fdata-sections   -Wl,--gc-sections -lm  CMakeFiles/cmTC_c6733.dir/feature_tests.c.obj  -o cmTC_c6733 
gmake[1]: Leaving directory '/Users/deep/Development/wio/cosa-fix/cmake-build-debug/CMakeFiles/CMakeTmp'




Detecting C [-std=c99] compiler features compiled with the following output:
Change Dir: /Users/deep/Development/wio/cosa-fix/cmake-build-debug/CMakeFiles/CMakeTmp

Run Build Command:"/usr/local/bin/gmake" "cmTC_092b9/fast"
/usr/local/bin/gmake -f CMakeFiles/cmTC_092b9.dir/build.make CMakeFiles/cmTC_092b9.dir/build
gmake[1]: Entering directory '/Users/deep/Development/wio/cosa-fix/cmake-build-debug/CMakeFiles/CMakeTmp'
Building C object CMakeFiles/cmTC_092b9.dir/feature_tests.c.obj
/usr/local/bin/avr-gcc   -g -Os       -mcall-prologues -ffunction-sections -fdata-sections    -std=c99 -o CMakeFiles/cmTC_092b9.dir/feature_tests.c.obj   -c /Users/deep/Development/wio/cosa-fix/cmake-build-debug/CMakeFiles/feature_tests.c
Linking C executable cmTC_092b9
"/Users/deep/Library/Application Support/JetBrains/Toolbox/apps/CLion/ch-0/173.4301.33/CLion.app/Contents/bin/cmake/bin/cmake" -E cmake_link_script CMakeFiles/cmTC_092b9.dir/link.txt --verbose=1
/usr/local/bin/avr-gcc -g -Os       -mcall-prologues -ffunction-sections -fdata-sections   -Wl,--gc-sections -lm  CMakeFiles/cmTC_092b9.dir/feature_tests.c.obj  -o cmTC_092b9 
gmake[1]: Leaving directory '/Users/deep/Development/wio/cosa-fix/cmake-build-debug/CMakeFiles/CMakeTmp'




Detecting C [-std=c90] compiler features compiled with the following output:
Change Dir: /Users/deep/Development/wio/cosa-fix/cmake-build-debug/CMakeFiles/CMakeTmp

Run Build Command:"/usr/local/bin/gmake" "cmTC_24e8c/fast"
/usr/local/bin/gmake -f CMakeFiles/cmTC_24e8c.dir/build.make CMakeFiles/cmTC_24e8c.dir/build
gmake[1]: Entering directory '/Users/deep/Development/wio/cosa-fix/cmake-build-debug/CMakeFiles/CMakeTmp'
Building C object CMakeFiles/cmTC_24e8c.dir/feature_tests.c.obj
/usr/local/bin/avr-gcc   -g -Os       -mcall-prologues -ffunction-sections -fdata-sections    -std=c90 -o CMakeFiles/cmTC_24e8c.dir/feature_tests.c.obj   -c /Users/deep/Development/wio/cosa-fix/cmake-build-debug/CMakeFiles/feature_tests.c
Linking C executable cmTC_24e8c
"/Users/deep/Library/Application Support/JetBrains/Toolbox/apps/CLion/ch-0/173.4301.33/CLion.app/Contents/bin/cmake/bin/cmake" -E cmake_link_script CMakeFiles/cmTC_24e8c.dir/link.txt --verbose=1
/usr/local/bin/avr-gcc -g -Os       -mcall-prologues -ffunction-sections -fdata-sections   -Wl,--gc-sections -lm  CMakeFiles/cmTC_24e8c.dir/feature_tests.c.obj  -o cmTC_24e8c 
gmake[1]: Leaving directory '/Users/deep/Development/wio/cosa-fix/cmake-build-debug/CMakeFiles/CMakeTmp'


Determining if the CXX compiler works passed with the following output:
Change Dir: /Users/deep/Development/wio/cosa-fix/cmake-build-debug/CMakeFiles/CMakeTmp

Run Build Command:"/usr/local/bin/gmake" "cmTC_6809e/fast"
/usr/local/bin/gmake -f CMakeFiles/cmTC_6809e.dir/build.make CMakeFiles/cmTC_6809e.dir/build
gmake[1]: Entering directory '/Users/deep/Development/wio/cosa-fix/cmake-build-debug/CMakeFiles/CMakeTmp'
Building CXX object CMakeFiles/cmTC_6809e.dir/testCXXCompiler.cxx.obj
/usr/local/bin/avr-g++    -g -Os        -fno-exceptions    -std=gnu++11 -o CMakeFiles/cmTC_6809e.dir/testCXXCompiler.cxx.obj -c /Users/deep/Development/wio/cosa-fix/cmake-build-debug/CMakeFiles/CMakeTmp/testCXXCompiler.cxx
Linking CXX executable cmTC_6809e
"/Users/deep/Library/Application Support/JetBrains/Toolbox/apps/CLion/ch-0/173.4301.33/CLion.app/Contents/bin/cmake/bin/cmake" -E cmake_link_script CMakeFiles/cmTC_6809e.dir/link.txt --verbose=1
/usr/local/bin/avr-g++  -g -Os        -fno-exceptions   -Wl,--gc-sections -lm  CMakeFiles/cmTC_6809e.dir/testCXXCompiler.cxx.obj  -o cmTC_6809e 
gmake[1]: Leaving directory '/Users/deep/Development/wio/cosa-fix/cmake-build-debug/CMakeFiles/CMakeTmp'


Detecting CXX compiler ABI info compiled with the following output:
Change Dir: /Users/deep/Development/wio/cosa-fix/cmake-build-debug/CMakeFiles/CMakeTmp

Run Build Command:"/usr/local/bin/gmake" "cmTC_59f73/fast"
/usr/local/bin/gmake -f CMakeFiles/cmTC_59f73.dir/build.make CMakeFiles/cmTC_59f73.dir/build
gmake[1]: Entering directory '/Users/deep/Development/wio/cosa-fix/cmake-build-debug/CMakeFiles/CMakeTmp'
Building CXX object CMakeFiles/cmTC_59f73.dir/CMakeCXXCompilerABI.cpp.obj
/usr/local/bin/avr-g++    -g -Os        -fno-exceptions    -std=gnu++11 -o CMakeFiles/cmTC_59f73.dir/CMakeCXXCompilerABI.cpp.obj -c "/Users/deep/Library/Application Support/JetBrains/Toolbox/apps/CLion/ch-0/173.4301.33/CLion.app/Contents/bin/cmake/share/cmake-3.9/Modules/CMakeCXXCompilerABI.cpp"
Linking CXX executable cmTC_59f73
"/Users/deep/Library/Application Support/JetBrains/Toolbox/apps/CLion/ch-0/173.4301.33/CLion.app/Contents/bin/cmake/bin/cmake" -E cmake_link_script CMakeFiles/cmTC_59f73.dir/link.txt --verbose=1
/usr/local/bin/avr-g++  -g -Os        -fno-exceptions   -Wl,--gc-sections -lm -v CMakeFiles/cmTC_59f73.dir/CMakeCXXCompilerABI.cpp.obj  -o cmTC_59f73 
Using built-in specs.
Reading specs from /usr/local/Cellar/avr-gcc/7.3.0/lib/avr-gcc/7/gcc/avr/7.3.0/device-specs/specs-avr2
COLLECT_GCC=/usr/local/bin/avr-g++
COLLECT_LTO_WRAPPER=/usr/local/Cellar/avr-gcc/7.3.0/libexec/gcc/avr/7.3.0/lto-wrapper
Target: avr
Configured with: ../configure --target=avr --prefix=/usr/local/Cellar/avr-gcc/7.3.0 --libdir=/usr/local/Cellar/avr-gcc/7.3.0/lib/avr-gcc/7 --enable-languages=c,c++ --with-ld=/usr/local/opt/avr-binutils/bin/avr-ld --with-as=/usr/local/opt/avr-binutils/bin/avr-as --disable-nls --disable-libssp --disable-shared --disable-threads --disable-libgomp --with-dwarf2
Thread model: single
gcc version 7.3.0 (GCC) 
COMPILER_PATH=/usr/local/Cellar/avr-gcc/7.3.0/libexec/gcc/avr/7.3.0/:/usr/local/Cellar/avr-gcc/7.3.0/libexec/gcc/avr/7.3.0/:/usr/local/Cellar/avr-gcc/7.3.0/libexec/gcc/avr/:/usr/local/Cellar/avr-gcc/7.3.0/lib/avr-gcc/7/gcc/avr/7.3.0/:/usr/local/Cellar/avr-gcc/7.3.0/lib/avr-gcc/7/gcc/avr/
LIBRARY_PATH=/usr/local/Cellar/avr-gcc/7.3.0/lib/avr-gcc/7/gcc/avr/7.3.0/:/usr/local/Cellar/avr-gcc/7.3.0/lib/avr-gcc/7/gcc/avr/7.3.0/../../../../../../avr/lib/
COLLECT_GCC_OPTIONS='-g' '-Os' '-fno-exceptions' '-v' '-o' 'cmTC_59f73' '-specs=device-specs/specs-avr2'
 /usr/local/Cellar/avr-gcc/7.3.0/libexec/gcc/avr/7.3.0/collect2 -plugin /usr/local/Cellar/avr-gcc/7.3.0/libexec/gcc/avr/7.3.0/liblto_plugin.so -plugin-opt=/usr/local/Cellar/avr-gcc/7.3.0/libexec/gcc/avr/7.3.0/lto-wrapper -plugin-opt=-fresolution=/var/folders/0z/77dv3j2j0b7f6lv0l8hr7hlh0000gn/T//ccCx6Hmg.res -plugin-opt=-pass-through=-lgcc -plugin-opt=-pass-through=-lm -plugin-opt=-pass-through=-lc -o cmTC_59f73 -L/usr/local/Cellar/avr-gcc/7.3.0/lib/avr-gcc/7/gcc/avr/7.3.0 -L/usr/local/Cellar/avr-gcc/7.3.0/lib/avr-gcc/7/gcc/avr/7.3.0/../../../../../../avr/lib --gc-sections CMakeFiles/cmTC_59f73.dir/CMakeCXXCompilerABI.cpp.obj -lgcc -lm --start-group -lgcc -lm -lc --end-group
COLLECT_GCC_OPTIONS='-g' '-Os' '-fno-exceptions' '-v' '-o' 'cmTC_59f73' '-specs=device-specs/specs-avr2'
gmake[1]: Leaving directory '/Users/deep/Development/wio/cosa-fix/cmake-build-debug/CMakeFiles/CMakeTmp'


Parsed CXX implicit link information from above output:
  link line regex: [^( *|.*[/\])(avr-ld|CMAKE_LINK_STARTFILE-NOTFOUND|([^/\]+-)?ld|collect2)[^/\]*( |$)]
  ignore line: [Change Dir: /Users/deep/Development/wio/cosa-fix/cmake-build-debug/CMakeFiles/CMakeTmp]
  ignore line: []
  ignore line: [Run Build Command:"/usr/local/bin/gmake" "cmTC_59f73/fast"]
  ignore line: [/usr/local/bin/gmake -f CMakeFiles/cmTC_59f73.dir/build.make CMakeFiles/cmTC_59f73.dir/build]
  ignore line: [gmake[1]: Entering directory '/Users/deep/Development/wio/cosa-fix/cmake-build-debug/CMakeFiles/CMakeTmp']
  ignore line: [Building CXX object CMakeFiles/cmTC_59f73.dir/CMakeCXXCompilerABI.cpp.obj]
  ignore line: [/usr/local/bin/avr-g++    -g -Os        -fno-exceptions    -std=gnu++11 -o CMakeFiles/cmTC_59f73.dir/CMakeCXXCompilerABI.cpp.obj -c "/Users/deep/Library/Application Support/JetBrains/Toolbox/apps/CLion/ch-0/173.4301.33/CLion.app/Contents/bin/cmake/share/cmake-3.9/Modules/CMakeCXXCompilerABI.cpp"]
  ignore line: [Linking CXX executable cmTC_59f73]
  ignore line: ["/Users/deep/Library/Application Support/JetBrains/Toolbox/apps/CLion/ch-0/173.4301.33/CLion.app/Contents/bin/cmake/bin/cmake" -E cmake_link_script CMakeFiles/cmTC_59f73.dir/link.txt --verbose=1]
  ignore line: [/usr/local/bin/avr-g++  -g -Os        -fno-exceptions   -Wl,--gc-sections -lm -v CMakeFiles/cmTC_59f73.dir/CMakeCXXCompilerABI.cpp.obj  -o cmTC_59f73 ]
  ignore line: [Using built-in specs.]
  ignore line: [Reading specs from /usr/local/Cellar/avr-gcc/7.3.0/lib/avr-gcc/7/gcc/avr/7.3.0/device-specs/specs-avr2]
  ignore line: [COLLECT_GCC=/usr/local/bin/avr-g++]
  ignore line: [COLLECT_LTO_WRAPPER=/usr/local/Cellar/avr-gcc/7.3.0/libexec/gcc/avr/7.3.0/lto-wrapper]
  ignore line: [Target: avr]
  ignore line: [Configured with: ../configure --target=avr --prefix=/usr/local/Cellar/avr-gcc/7.3.0 --libdir=/usr/local/Cellar/avr-gcc/7.3.0/lib/avr-gcc/7 --enable-languages=c,c++ --with-ld=/usr/local/opt/avr-binutils/bin/avr-ld --with-as=/usr/local/opt/avr-binutils/bin/avr-as --disable-nls --disable-libssp --disable-shared --disable-threads --disable-libgomp --with-dwarf2]
  ignore line: [Thread model: single]
  ignore line: [gcc version 7.3.0 (GCC) ]
  ignore line: [COMPILER_PATH=/usr/local/Cellar/avr-gcc/7.3.0/libexec/gcc/avr/7.3.0/:/usr/local/Cellar/avr-gcc/7.3.0/libexec/gcc/avr/7.3.0/:/usr/local/Cellar/avr-gcc/7.3.0/libexec/gcc/avr/:/usr/local/Cellar/avr-gcc/7.3.0/lib/avr-gcc/7/gcc/avr/7.3.0/:/usr/local/Cellar/avr-gcc/7.3.0/lib/avr-gcc/7/gcc/avr/]
  ignore line: [LIBRARY_PATH=/usr/local/Cellar/avr-gcc/7.3.0/lib/avr-gcc/7/gcc/avr/7.3.0/:/usr/local/Cellar/avr-gcc/7.3.0/lib/avr-gcc/7/gcc/avr/7.3.0/../../../../../../avr/lib/]
  ignore line: [COLLECT_GCC_OPTIONS='-g' '-Os' '-fno-exceptions' '-v' '-o' 'cmTC_59f73' '-specs=device-specs/specs-avr2']
  link line: [ /usr/local/Cellar/avr-gcc/7.3.0/libexec/gcc/avr/7.3.0/collect2 -plugin /usr/local/Cellar/avr-gcc/7.3.0/libexec/gcc/avr/7.3.0/liblto_plugin.so -plugin-opt=/usr/local/Cellar/avr-gcc/7.3.0/libexec/gcc/avr/7.3.0/lto-wrapper -plugin-opt=-fresolution=/var/folders/0z/77dv3j2j0b7f6lv0l8hr7hlh0000gn/T//ccCx6Hmg.res -plugin-opt=-pass-through=-lgcc -plugin-opt=-pass-through=-lm -plugin-opt=-pass-through=-lc -o cmTC_59f73 -L/usr/local/Cellar/avr-gcc/7.3.0/lib/avr-gcc/7/gcc/avr/7.3.0 -L/usr/local/Cellar/avr-gcc/7.3.0/lib/avr-gcc/7/gcc/avr/7.3.0/../../../../../../avr/lib --gc-sections CMakeFiles/cmTC_59f73.dir/CMakeCXXCompilerABI.cpp.obj -lgcc -lm --start-group -lgcc -lm -lc --end-group]
    arg [/usr/local/Cellar/avr-gcc/7.3.0/libexec/gcc/avr/7.3.0/collect2] ==> ignore
    arg [-plugin] ==> ignore
    arg [/usr/local/Cellar/avr-gcc/7.3.0/libexec/gcc/avr/7.3.0/liblto_plugin.so] ==> ignore
    arg [-plugin-opt=/usr/local/Cellar/avr-gcc/7.3.0/libexec/gcc/avr/7.3.0/lto-wrapper] ==> ignore
    arg [-plugin-opt=-fresolution=/var/folders/0z/77dv3j2j0b7f6lv0l8hr7hlh0000gn/T//ccCx6Hmg.res] ==> ignore
    arg [-plugin-opt=-pass-through=-lgcc] ==> ignore
    arg [-plugin-opt=-pass-through=-lm] ==> ignore
    arg [-plugin-opt=-pass-through=-lc] ==> ignore
    arg [-o] ==> ignore
    arg [cmTC_59f73] ==> ignore
    arg [-L/usr/local/Cellar/avr-gcc/7.3.0/lib/avr-gcc/7/gcc/avr/7.3.0] ==> dir [/usr/local/Cellar/avr-gcc/7.3.0/lib/avr-gcc/7/gcc/avr/7.3.0]
    arg [-L/usr/local/Cellar/avr-gcc/7.3.0/lib/avr-gcc/7/gcc/avr/7.3.0/../../../../../../avr/lib] ==> dir [/usr/local/Cellar/avr-gcc/7.3.0/lib/avr-gcc/7/gcc/avr/7.3.0/../../../../../../avr/lib]
    arg [--gc-sections] ==> ignore
    arg [CMakeFiles/cmTC_59f73.dir/CMakeCXXCompilerABI.cpp.obj] ==> ignore
    arg [-lgcc] ==> lib [gcc]
    arg [-lm] ==> lib [m]
    arg [--start-group] ==> ignore
    arg [-lgcc] ==> lib [gcc]
    arg [-lm] ==> lib [m]
    arg [-lc] ==> lib [c]
    arg [--end-group] ==> ignore
  collapse library dir [/usr/local/Cellar/avr-gcc/7.3.0/lib/avr-gcc/7/gcc/avr/7.3.0] ==> [/usr/local/Cellar/avr-gcc/7.3.0/lib/avr-gcc/7/gcc/avr/7.3.0]
  collapse library dir [/usr/local/Cellar/avr-gcc/7.3.0/lib/avr-gcc/7/gcc/avr/7.3.0/../../../../../../avr/lib] ==> [/usr/local/Cellar/avr-gcc/7.3.0/avr/lib]
  implicit libs: [gcc;m;gcc;m;c]
  implicit dirs: [/usr/local/Cellar/avr-gcc/7.3.0/lib/avr-gcc/7/gcc/avr/7.3.0;/usr/local/Cellar/avr-gcc/7.3.0/avr/lib]
  implicit fwks: []




Detecting CXX [-std=c++1z] compiler features compiled with the following output:
Change Dir: /Users/deep/Development/wio/cosa-fix/cmake-build-debug/CMakeFiles/CMakeTmp

Run Build Command:"/usr/local/bin/gmake" "cmTC_15fdf/fast"
/usr/local/bin/gmake -f CMakeFiles/cmTC_15fdf.dir/build.make CMakeFiles/cmTC_15fdf.dir/build
gmake[1]: Entering directory '/Users/deep/Development/wio/cosa-fix/cmake-build-debug/CMakeFiles/CMakeTmp'
Building CXX object CMakeFiles/cmTC_15fdf.dir/feature_tests.cxx.obj
/usr/local/bin/avr-g++    -g -Os        -fno-exceptions    -std=c++1z -std=gnu++11 -o CMakeFiles/cmTC_15fdf.dir/feature_tests.cxx.obj -c /Users/deep/Development/wio/cosa-fix/cmake-build-debug/CMakeFiles/feature_tests.cxx
Linking CXX executable cmTC_15fdf
"/Users/deep/Library/Application Support/JetBrains/Toolbox/apps/CLion/ch-0/173.4301.33/CLion.app/Contents/bin/cmake/bin/cmake" -E cmake_link_script CMakeFiles/cmTC_15fdf.dir/link.txt --verbose=1
/usr/local/bin/avr-g++  -g -Os        -fno-exceptions   -Wl,--gc-sections -lm  CMakeFiles/cmTC_15fdf.dir/feature_tests.cxx.obj  -o cmTC_15fdf 
gmake[1]: Leaving directory '/Users/deep/Development/wio/cosa-fix/cmake-build-debug/CMakeFiles/CMakeTmp'




Detecting CXX [-std=c++14] compiler features compiled with the following output:
Change Dir: /Users/deep/Development/wio/cosa-fix/cmake-build-debug/CMakeFiles/CMakeTmp

Run Build Command:"/usr/local/bin/gmake" "cmTC_7c87e/fast"
/usr/local/bin/gmake -f CMakeFiles/cmTC_7c87e.dir/build.make CMakeFiles/cmTC_7c87e.dir/build
gmake[1]: Entering directory '/Users/deep/Development/wio/cosa-fix/cmake-build-debug/CMakeFiles/CMakeTmp'
Building CXX object CMakeFiles/cmTC_7c87e.dir/feature_tests.cxx.obj
/usr/local/bin/avr-g++    -g -Os        -fno-exceptions    -std=c++14 -std=gnu++11 -o CMakeFiles/cmTC_7c87e.dir/feature_tests.cxx.obj -c /Users/deep/Development/wio/cosa-fix/cmake-build-debug/CMakeFiles/feature_tests.cxx
Linking CXX executable cmTC_7c87e
"/Users/deep/Library/Application Support/JetBrains/Toolbox/apps/CLion/ch-0/173.4301.33/CLion.app/Contents/bin/cmake/bin/cmake" -E cmake_link_script CMakeFiles/cmTC_7c87e.dir/link.txt --verbose=1
/usr/local/bin/avr-g++  -g -Os        -fno-exceptions   -Wl,--gc-sections -lm  CMakeFiles/cmTC_7c87e.dir/feature_tests.cxx.obj  -o cmTC_7c87e 
gmake[1]: Leaving directory '/Users/deep/Development/wio/cosa-fix/cmake-build-debug/CMakeFiles/CMakeTmp'




Detecting CXX [-std=c++11] compiler features compiled with the following output:
Change Dir: /Users/deep/Development/wio/cosa-fix/cmake-build-debug/CMakeFiles/CMakeTmp

Run Build Command:"/usr/local/bin/gmake" "cmTC_6115d/fast"
/usr/local/bin/gmake -f CMakeFiles/cmTC_6115d.dir/build.make CMakeFiles/cmTC_6115d.dir/build
gmake[1]: Entering directory '/Users/deep/Development/wio/cosa-fix/cmake-build-debug/CMakeFiles/CMakeTmp'
Building CXX object CMakeFiles/cmTC_6115d.dir/feature_tests.cxx.obj
/usr/local/bin/avr-g++    -g -Os        -fno-exceptions    -std=c++11 -std=gnu++11 -o CMakeFiles/cmTC_6115d.dir/feature_tests.cxx.obj -c /Users/deep/Development/wio/cosa-fix/cmake-build-debug/CMakeFiles/feature_tests.cxx
Linking CXX executable cmTC_6115d
"/Users/deep/Library/Application Support/JetBrains/Toolbox/apps/CLion/ch-0/173.4301.33/CLion.app/Contents/bin/cmake/bin/cmake" -E cmake_link_script CMakeFiles/cmTC_6115d.dir/link.txt --verbose=1
/usr/local/bin/avr-g++  -g -Os        -fno-exceptions   -Wl,--gc-sections -lm  CMakeFiles/cmTC_6115d.dir/feature_tests.cxx.obj  -o cmTC_6115d 
gmake[1]: Leaving directory '/Users/deep/Development/wio/cosa-fix/cmake-build-debug/CMakeFiles/CMakeTmp'




Detecting CXX [-std=c++98] compiler features compiled with the following output:
Change Dir: /Users/deep/Development/wio/cosa-fix/cmake-build-debug/CMakeFiles/CMakeTmp

Run Build Command:"/usr/local/bin/gmake" "cmTC_a69f7/fast"
/usr/local/bin/gmake -f CMakeFiles/cmTC_a69f7.dir/build.make CMakeFiles/cmTC_a69f7.dir/build
gmake[1]: Entering directory '/Users/deep/Development/wio/cosa-fix/cmake-build-debug/CMakeFiles/CMakeTmp'
Building CXX object CMakeFiles/cmTC_a69f7.dir/feature_tests.cxx.obj
/usr/local/bin/avr-g++    -g -Os        -fno-exceptions    -std=c++98 -std=gnu++11 -o CMakeFiles/cmTC_a69f7.dir/feature_tests.cxx.obj -c /Users/deep/Development/wio/cosa-fix/cmake-build-debug/CMakeFiles/feature_tests.cxx
Linking CXX executable cmTC_a69f7
"/Users/deep/Library/Application Support/JetBrains/Toolbox/apps/CLion/ch-0/173.4301.33/CLion.app/Contents/bin/cmake/bin/cmake" -E cmake_link_script CMakeFiles/cmTC_a69f7.dir/link.txt --verbose=1
/usr/local/bin/avr-g++  -g -Os        -fno-exceptions   -Wl,--gc-sections -lm  CMakeFiles/cmTC_a69f7.dir/feature_tests.cxx.obj  -o cmTC_a69f7 
gmake[1]: Leaving directory '/Users/deep/Development/wio/cosa-fix/cmake-build-debug/CMakeFiles/CMakeTmp'


